# JRE version: OpenJDK Runtime Environment (11.0.10) (build 11.0.10+0-b96-7249189)
# Java VM: OpenJDK 64-Bit Server VM (11.0.10+0-b96-7249189, mixed mode, tiered, compressed oops, g1 gc, windows-amd64)
Heap:
 garbage-first heap   total 500736K, used 308832K [0x0000000080000000, 0x0000000100000000)
  region size 1024K, 133 young (136192K), 14 survivors (14336K)
 Metaspace       used 146012K, capacity 150911K, committed 151328K, reserved 1181696K
  class space    used 18095K, capacity 19803K, committed 20044K, reserved 1048576K
GC Heap History (20 events):
Event: 5274.237 GC heap before
{Heap before GC invocations=75 (full 0):
 garbage-first heap   total 262144K, used 213648K [0x0000000080000000, 0x0000000100000000)
  region size 1024K, 67 young (68608K), 3 survivors (3072K)
 Metaspace       used 136497K, capacity 140829K, committed 140960K, reserved 1171456K
  class space    used 16644K, capacity 18098K, committed 18124K, reserved 1048576K
}
Event: 5274.244 GC heap after
{Heap after GC invocations=76 (full 0):
 garbage-first heap   total 262144K, used 152362K [0x0000000080000000, 0x0000000100000000)
  region size 1024K, 6 young (6144K), 6 survivors (6144K)
 Metaspace       used 136497K, capacity 140829K, committed 140960K, reserved 1171456K
  class space    used 16644K, capacity 18098K, committed 18124K, reserved 1048576K
}
Event: 5274.260 GC heap before
{Heap before GC invocations=76 (full 0):
 garbage-first heap   total 262144K, used 157482K [0x0000000080000000, 0x0000000100000000)
  region size 1024K, 12 young (12288K), 6 survivors (6144K)
 Metaspace       used 136498K, capacity 140829K, committed 140960K, reserved 1171456K
  class space    used 16644K, capacity 18098K, committed 18124K, reserved 1048576K
}
Event: 5274.271 GC heap after
{Heap after GC invocations=77 (full 0):
 garbage-first heap   total 262144K, used 132271K [0x0000000080000000, 0x0000000100000000)
  region size 1024K, 1 young (1024K), 1 survivors (1024K)
 Metaspace       used 136498K, capacity 140829K, committed 140960K, reserved 1171456K
  class space    used 16644K, capacity 18098K, committed 18124K, reserved 1048576K
}
Event: 5274.684 GC heap before
{Heap before GC invocations=77 (full 0):
 garbage-first heap   total 262144K, used 216239K [0x0000000080000000, 0x0000000100000000)
  region size 1024K, 84 young (86016K), 1 survivors (1024K)
 Metaspace       used 136572K, capacity 140905K, committed 140960K, reserved 1171456K
  class space    used 16645K, capacity 18099K, committed 18124K, reserved 1048576K
}
Event: 5274.689 GC heap after
{Heap after GC invocations=78 (full 0):
 garbage-first heap   total 262144K, used 132157K [0x0000000080000000, 0x0000000100000000)
  region size 1024K, 1 young (1024K), 1 survivors (1024K)
 Metaspace       used 136572K, capacity 140905K, committed 140960K, reserved 1171456K
  class space    used 16645K, capacity 18099K, committed 18124K, reserved 1048576K
}
Event: 5275.026 GC heap before
{Heap before GC invocations=79 (full 0):
 garbage-first heap   total 262144K, used 218173K [0x0000000080000000, 0x0000000100000000)
  region size 1024K, 87 young (89088K), 1 survivors (1024K)
 Metaspace       used 137971K, capacity 142391K, committed 142624K, reserved 1173504K
  class space    used 16869K, capacity 18391K, committed 18508K, reserved 1048576K
}
Event: 5275.035 GC heap after
{Heap after GC invocations=80 (full 0):
 garbage-first heap   total 262144K, used 147965K [0x0000000080000000, 0x0000000100000000)
  region size 1024K, 11 young (11264K), 11 survivors (11264K)
 Metaspace       used 137971K, capacity 142391K, committed 142624K, reserved 1173504K
  class space    used 16869K, capacity 18391K, committed 18508K, reserved 1048576K
}
Event: 5275.038 GC heap before
{Heap before GC invocations=80 (full 0):
 garbage-first heap   total 262144K, used 148989K [0x0000000080000000, 0x0000000100000000)
  region size 1024K, 12 young (12288K), 11 survivors (11264K)
 Metaspace       used 138005K, capacity 142455K, committed 142624K, reserved 1173504K
  class space    used 16871K, capacity 18391K, committed 18508K, reserved 1048576K
}
Event: 5275.046 GC heap after
{Heap after GC invocations=81 (full 0):
 garbage-first heap   total 315392K, used 144566K [0x0000000080000000, 0x0000000100000000)
  region size 1024K, 1 young (1024K), 1 survivors (1024K)
 Metaspace       used 138005K, capacity 142455K, committed 142624K, reserved 1173504K
  class space    used 16871K, capacity 18391K, committed 18508K, reserved 1048576K
}
Event: 5275.382 GC heap before
{Heap before GC invocations=81 (full 0):
 garbage-first heap   total 315392K, used 246966K [0x0000000080000000, 0x0000000100000000)
  region size 1024K, 102 young (104448K), 1 survivors (1024K)
 Metaspace       used 143021K, capacity 147749K, committed 147872K, reserved 1177600K
  class space    used 17702K, capacity 19334K, committed 19404K, reserved 1048576K
}
Event: 5275.413 GC heap after
{Heap after GC invocations=82 (full 0):
 garbage-first heap   total 315392K, used 164113K [0x0000000080000000, 0x0000000100000000)
  region size 1024K, 13 young (13312K), 13 survivors (13312K)
 Metaspace       used 143021K, capacity 147749K, committed 147872K, reserved 1177600K
  class space    used 17702K, capacity 19334K, committed 19404K, reserved 1048576K
}
Event: 5275.641 GC heap before
{Heap before GC invocations=83 (full 0):
 garbage-first heap   total 315392K, used 251153K [0x0000000080000000, 0x0000000100000000)
  region size 1024K, 98 young (100352K), 13 survivors (13312K)
 Metaspace       used 144250K, capacity 149030K, committed 149152K, reserved 1179648K
  class space    used 17920K, capacity 19557K, committed 19660K, reserved 1048576K
}
Event: 5275.660 GC heap after
{Heap after GC invocations=84 (full 0):
 garbage-first heap   total 315392K, used 175091K [0x0000000080000000, 0x0000000100000000)
  region size 1024K, 11 young (11264K), 11 survivors (11264K)
 Metaspace       used 144250K, capacity 149030K, committed 149152K, reserved 1179648K
  class space    used 17920K, capacity 19557K, committed 19660K, reserved 1048576K
}
Event: 5275.670 GC heap before
{Heap before GC invocations=84 (full 0):
 garbage-first heap   total 315392K, used 179187K [0x0000000080000000, 0x0000000100000000)
  region size 1024K, 15 young (15360K), 11 survivors (11264K)
 Metaspace       used 144333K, capacity 149169K, committed 149408K, reserved 1179648K
  class space    used 17932K, capacity 19603K, committed 19660K, reserved 1048576K
}
Event: 5275.679 GC heap after
{Heap after GC invocations=85 (full 0):
 garbage-first heap   total 315392K, used 175741K [0x0000000080000000, 0x0000000100000000)
  region size 1024K, 2 young (2048K), 2 survivors (2048K)
 Metaspace       used 144333K, capacity 149169K, committed 149408K, reserved 1179648K
  class space    used 17932K, capacity 19603K, committed 19660K, reserved 1048576K
}
Event: 5275.837 GC heap before
{Heap before GC invocations=85 (full 0):
 garbage-first heap   total 315392K, used 255613K [0x0000000080000000, 0x0000000100000000)
  region size 1024K, 80 young (81920K), 2 survivors (2048K)
 Metaspace       used 145479K, capacity 150439K, committed 150688K, reserved 1179648K
  class space    used 18116K, capacity 19878K, committed 19916K, reserved 1048576K
}
Event: 5275.853 GC heap after
{Heap after GC invocations=86 (full 0):
 garbage-first heap   total 500736K, used 180750K [0x0000000080000000, 0x0000000100000000)
  region size 1024K, 7 young (7168K), 7 survivors (7168K)
 Metaspace       used 145479K, capacity 150439K, committed 150688K, reserved 1179648K
  class space    used 18116K, capacity 19878K, committed 19916K, reserved 1048576K
}
Event: 5276.208 GC heap before
{Heap before GC invocations=87 (full 0):
 garbage-first heap   total 500736K, used 351758K [0x0000000080000000, 0x0000000100000000)
  region size 1024K, 174 young (178176K), 7 survivors (7168K)
 Metaspace       used 145915K, capacity 150808K, committed 151328K, reserved 1181696K
  class space    used 18087K, capacity 19790K, committed 20044K, reserved 1048576K
}
Event: 5276.219 GC heap after
{Heap after GC invocations=88 (full 0):
 garbage-first heap   total 500736K, used 188000K [0x0000000080000000, 0x0000000100000000)
  region size 1024K, 14 young (14336K), 14 survivors (14336K)
 Metaspace       used 145915K, capacity 150808K, committed 151328K, reserved 1181696K
  class space    used 18087K, capacity 19790K, committed 20044K, reserved 1048576K
}

